#
# There is insufficient memory for the Java Runtime Environment to continue.
# Native memory allocation (malloc) failed to allocate 712256 bytes for Chunk::new
# Possible reasons:
#   The system is out of physical RAM or swap space
#   In 32 bit mode, the process size limit was hit
# Possible solutions:
#   Reduce memory load on the system
#   Increase physical memory or swap space
#   Check if swap backing store is full
#   Use 64 bit Java on a 64 bit OS
#   Decrease Java heap size (-Xmx/-Xms)
#   Decrease number of Java threads
#   Decrease Java thread stack sizes (-Xss)
#   Set larger code cache with -XX:ReservedCodeCacheSize=
# This output file may be truncated or incomplete.
#
#  Out of Memory Error (allocation.cpp:390), pid=6912, tid=0x0000000000003280
#
# JRE version: Java(TM) SE Runtime Environment (8.0_162-b12) (build 1.8.0_162-b12)
# Java VM: Java HotSpot(TM) 64-Bit Server VM (25.162-b12 mixed mode windows-amd64 compressed oops)
# Failed to write core dump. Minidumps are not enabled by default on client versions of Windows
#

---------------  T H R E A D  ---------------

Current thread (0x00000000162fe000):  JavaThread "C2 CompilerThread1" daemon [_thread_in_native, id=12928, stack(0x0000000017a50000,0x0000000017b50000)]

Stack: [0x0000000017a50000,0x0000000017b50000]
[error occurred during error reporting (printing stack bounds), id 0xc0000005]

Native frames: (J=compiled Java code, j=interpreted, Vv=VM code, C=native code)


Current CompileTask:
C2:3094117 11005       4       org.gradle.internal.service.DefaultServiceRegistry$OwnServices$ProviderAnalyser::analyseType (78 bytes)


---------------  P R O C E S S  ---------------

Java Threads: ( => current thread )
  0x000000001c9de000 JavaThread "Cache worker for file hash cache (D:\Android\AndroidStudioProjects\Countdown\.gradle\5.1.1\fileHashes)" [_thread_blocked, id=6920, stack(0x0000000025010000,0x0000000025110000)]
  0x000000001c9d9800 JavaThread "Thread-44" [_thread_blocked, id=8432, stack(0x0000000024f10000,0x0000000025010000)]
  0x000000001c9dc000 JavaThread "Stdin handler" [_thread_blocked, id=6904, stack(0x0000000024e10000,0x0000000024f10000)]
  0x000000001c9dd800 JavaThread "Asynchronous log dispatcher for DefaultDaemonConnection: socket connection from /127.0.0.1:28685 to /127.0.0.1:28881" [_thread_blocked, id=3736, stack(0x0000000024d10000,0x0000000024e10000)]
  0x000000001c9df000 JavaThread "Daemon worker Thread 2" [_thread_in_Java, id=3964, stack(0x0000000024c10000,0x0000000024d10000)]
  0x000000001c9db000 JavaThread "Cancel handler" [_thread_blocked, id=2080, stack(0x0000000024b10000,0x0000000024c10000)]
  0x000000001c9d7800 JavaThread "Handler for socket connection from /127.0.0.1:28685 to /127.0.0.1:28881" [_thread_in_native, id=4616, stack(0x0000000024a10000,0x0000000024b10000)]
  0x000000001c9d6800 JavaThread "Daemon Thread 2" [_thread_blocked, id=9340, stack(0x0000000024910000,0x0000000024a10000)]
  0x000000001c9dc800 JavaThread "Memory manager" [_thread_blocked, id=7848, stack(0x0000000021870000,0x0000000021970000)]
  0x00000000195c2000 JavaThread "Cache worker for execution history cache (C:\Users\dudar\.gradle\caches\5.1.1\executionHistory)" [_thread_blocked, id=11728, stack(0x000000001efa0000,0x000000001f0a0000)]
  0x00000000195c3000 JavaThread "Cache worker for journal cache (C:\Users\dudar\.gradle\caches\journal-1)" [_thread_blocked, id=1912, stack(0x000000001aed0000,0x000000001afd0000)]
  0x00000000195be800 JavaThread "File lock request listener" [_thread_in_native, id=9220, stack(0x000000001add0000,0x000000001aed0000)]
  0x00000000195c1800 JavaThread "Cache worker for file hash cache (C:\Users\dudar\.gradle\caches\5.1.1\fileHashes)" [_thread_blocked, id=9288, stack(0x000000001acd0000,0x000000001add0000)]
  0x0000000019495800 JavaThread "Daemon periodic checks" [_thread_blocked, id=2332, stack(0x000000001a2d0000,0x000000001a3d0000)]
  0x000000001912c000 JavaThread "Incoming local TCP Connector on port 28685" [_thread_in_native, id=3320, stack(0x000000001a080000,0x000000001a180000)]
  0x00000000191ba000 JavaThread "Daemon health stats" [_thread_blocked, id=1372, stack(0x0000000019a20000,0x0000000019b20000)]
  0x0000000017c91800 JavaThread "Service Thread" daemon [_thread_blocked, id=7000, stack(0x0000000018050000,0x0000000018150000)]
  0x0000000016313800 JavaThread "C1 CompilerThread2" daemon [_thread_blocked, id=404, stack(0x0000000017b50000,0x0000000017c50000)]
=>0x00000000162fe000 JavaThread "C2 CompilerThread1" daemon [_thread_in_native, id=12928, stack(0x0000000017a50000,0x0000000017b50000)]
  0x00000000162fa000 JavaThread "C2 CompilerThread0" daemon [_thread_in_vm, id=12704, stack(0x0000000017950000,0x0000000017a50000)]
  0x0000000016309000 JavaThread "Attach Listener" daemon [_thread_blocked, id=13084, stack(0x0000000017850000,0x0000000017950000)]
  0x0000000016307800 JavaThread "Signal Dispatcher" daemon [_thread_blocked, id=12828, stack(0x0000000017750000,0x0000000017850000)]
  0x00000000162ea800 JavaThread "Finalizer" daemon [_thread_blocked, id=7096, stack(0x0000000017550000,0x0000000017650000)]
  0x0000000002980000 JavaThread "Reference Handler" daemon [_thread_blocked, id=12384, stack(0x0000000017450000,0x0000000017550000)]
  0x000000000276e800 JavaThread "main" [_thread_blocked, id=5424, stack(0x0000000002790000,0x0000000002890000)]

Other Threads:
  0x00000000162c7800 VMThread [stack: 0x0000000017350000,0x0000000017450000] [id=8696]
  0x0000000017ca3000 WatcherThread [stack: 0x0000000018150000,0x0000000018250000] [id=2720]

VM state:not at safepoint (normal execution)

VM Mutex/Monitor currently owned by a thread: None

Heap:
 PSYoungGen      total 249856K, used 50403K [0x00000000e0000000, 0x00000000f1380000, 0x0000000100000000)
  eden space 226816K, 12% used [0x00000000e0000000,0x00000000e1abec40,0x00000000edd80000)
  from space 23040K, 99% used [0x00000000efa80000,0x00000000f10fa070,0x00000000f1100000)
  to   space 27648K, 0% used [0x00000000edd80000,0x00000000edd80000,0x00000000ef880000)
 ParOldGen       total 84992K, used 45182K [0x00000000a0000000, 0x00000000a5300000, 0x00000000e0000000)
  object space 84992K, 53% used [0x00000000a0000000,0x00000000a2c1fa00,0x00000000a5300000)
 Metaspace       used 77451K, capacity 80198K, committed 80344K, reserved 1118208K
  class space    used 10316K, capacity 10943K, committed 11008K, reserved 1048576K

Card table byte_map: [0x0000000011d50000,0x0000000012060000] byte_map_base: 0x0000000011850000

Marking Bits: (ParMarkBitMap*) 0x000000006aa00860
 Begin Bits: [0x0000000012660000, 0x0000000013e60000)
 End Bits:   [0x0000000013e60000, 0x0000000015660000)

Polling page: 0x0000000000b10000

CodeCache: size=245760Kb used=30727Kb max_used=30727Kb free=215033Kb
 bounds [0x0000000002990000, 0x00000000047c0000, 0x0000000011990000]
 total_blobs=10235 nmethods=9369 adapters=779
 compilation: enabled

Compilation events (10 events):
Event: 3093.871 Thread 0x0000000016313800 11007       3       org.gradle.internal.service.DefaultServiceRegistry$FixedInstanceService::<init> (12 bytes)
Event: 3093.871 Thread 0x0000000016313800 nmethod 11007 0x000000000479d9d0 code [0x000000000479dba0, 0x000000000479e368]
Event: 3093.983 Thread 0x0000000016313800 11008       3       org.gradle.internal.service.DefaultServiceRegistry$OwnServices::getAll (44 bytes)
Event: 3093.985 Thread 0x0000000016313800 nmethod 11008 0x00000000047b8990 code [0x00000000047b8b80, 0x00000000047b9468]
Event: 3093.990 Thread 0x0000000016313800 11009   !   3       java.lang.ClassLoader$ParallelLoaders::isRegistered (23 bytes)
Event: 3093.993 Thread 0x0000000016313800 nmethod 11009 0x000000000479d290 code [0x000000000479d400, 0x000000000479d828]
Event: 3094.024 Thread 0x0000000016313800 11010       3       java.net.URI::hash (33 bytes)
Event: 3094.025 Thread 0x0000000016313800 nmethod 11010 0x00000000047b9790 code [0x00000000047b9920, 0x00000000047b9d88]
Event: 3094.025 Thread 0x0000000016313800 11011       3       org.gradle.internal.event.BroadcastDispatch$EmptyDispatch::add (14 bytes)
Event: 3094.034 Thread 0x0000000016313800 nmethod 11011 0x00000000047b9ed0 code [0x00000000047ba060, 0x00000000047ba430]

GC Heap History (10 events):
Event: 30.354 GC heap before
{Heap before GC invocations=15 (full 2):
 PSYoungGen      total 164864K, used 68309K [0x00000000e0000000, 0x00000000eb380000, 0x0000000100000000)
  eden space 152064K, 38% used [0x00000000e0000000,0x00000000e3943b38,0x00000000e9480000)
  from space 12800K, 75% used [0x00000000ea700000,0x00000000eb071ae0,0x00000000eb380000)
  to   space 15872K, 0% used [0x00000000e9480000,0x00000000e9480000,0x00000000ea400000)
 ParOldGen       total 55808K, used 30164K [0x00000000a0000000, 0x00000000a3680000, 0x00000000e0000000)
  object space 55808K, 54% used [0x00000000a0000000,0x00000000a1d75210,0x00000000a3680000)
 Metaspace       used 57480K, capacity 58956K, committed 59096K, reserved 1099776K
  class space    used 7794K, capacity 8170K, committed 8192K, reserved 1048576K
Event: 30.372 GC heap after
Heap after GC invocations=15 (full 2):
 PSYoungGen      total 167936K, used 8305K [0x00000000e0000000, 0x00000000ed400000, 0x0000000100000000)
  eden space 152064K, 0% used [0x00000000e0000000,0x00000000e0000000,0x00000000e9480000)
  from space 15872K, 52% used [0x00000000e9480000,0x00000000e9c9c7d0,0x00000000ea400000)
  to   space 15360K, 0% used [0x00000000ec500000,0x00000000ec500000,0x00000000ed400000)
 ParOldGen       total 55808K, used 30236K [0x00000000a0000000, 0x00000000a3680000, 0x00000000e0000000)
  object space 55808K, 54% used [0x00000000a0000000,0x00000000a1d87220,0x00000000a3680000)
 Metaspace       used 57480K, capacity 58956K, committed 59096K, reserved 1099776K
  class space    used 7794K, capacity 8170K, committed 8192K, reserved 1048576K
}
Event: 30.372 GC heap before
{Heap before GC invocations=16 (full 3):
 PSYoungGen      total 167936K, used 8305K [0x00000000e0000000, 0x00000000ed400000, 0x0000000100000000)
  eden space 152064K, 0% used [0x00000000e0000000,0x00000000e0000000,0x00000000e9480000)
  from space 15872K, 52% used [0x00000000e9480000,0x00000000e9c9c7d0,0x00000000ea400000)
  to   space 15360K, 0% used [0x00000000ec500000,0x00000000ec500000,0x00000000ed400000)
 ParOldGen       total 55808K, used 30236K [0x00000000a0000000, 0x00000000a3680000, 0x00000000e0000000)
  object space 55808K, 54% used [0x00000000a0000000,0x00000000a1d87220,0x00000000a3680000)
 Metaspace       used 57480K, capacity 58956K, committed 59096K, reserved 1099776K
  class space    used 7794K, capacity 8170K, committed 8192K, reserved 1048576K
Event: 30.676 GC heap after
Heap after GC invocations=16 (full 3):
 PSYoungGen      total 167936K, used 0K [0x00000000e0000000, 0x00000000ed400000, 0x0000000100000000)
  eden space 152064K, 0% used [0x00000000e0000000,0x00000000e0000000,0x00000000e9480000)
  from space 15872K, 0% used [0x00000000e9480000,0x00000000e9480000,0x00000000ea400000)
  to   space 15360K, 0% used [0x00000000ec500000,0x00000000ec500000,0x00000000ed400000)
 ParOldGen       total 84992K, used 30951K [0x00000000a0000000, 0x00000000a5300000, 0x00000000e0000000)
  object space 84992K, 36% used [0x00000000a0000000,0x00000000a1e39cf0,0x00000000a5300000)
 Metaspace       used 57454K, capacity 58868K, committed 59096K, reserved 1099776K
  class space    used 7787K, capacity 8162K, committed 8192K, reserved 1048576K
}
Event: 33.619 GC heap before
{Heap before GC invocations=17 (full 3):
 PSYoungGen      total 167936K, used 152064K [0x00000000e0000000, 0x00000000ed400000, 0x0000000100000000)
  eden space 152064K, 100% used [0x00000000e0000000,0x00000000e9480000,0x00000000e9480000)
  from space 15872K, 0% used [0x00000000e9480000,0x00000000e9480000,0x00000000ea400000)
  to   space 15360K, 0% used [0x00000000ec500000,0x00000000ec500000,0x00000000ed400000)
 ParOldGen       total 84992K, used 30951K [0x00000000a0000000, 0x00000000a5300000, 0x00000000e0000000)
  object space 84992K, 36% used [0x00000000a0000000,0x00000000a1e39cf0,0x00000000a5300000)
 Metaspace       used 65371K, capacity 67324K, committed 67672K, reserved 1107968K
  class space    used 9031K, capacity 9519K, committed 9600K, reserved 1048576K
Event: 33.657 GC heap after
Heap after GC invocations=17 (full 3):
 PSYoungGen      total 200192K, used 12832K [0x00000000e0000000, 0x00000000ed880000, 0x0000000100000000)
  eden space 184832K, 0% used [0x00000000e0000000,0x00000000e0000000,0x00000000eb480000)
  from space 15360K, 83% used [0x00000000ec500000,0x00000000ed188100,0x00000000ed400000)
  to   space 16896K, 0% used [0x00000000eb480000,0x00000000eb480000,0x00000000ec500000)
 ParOldGen       total 84992K, used 30959K [0x00000000a0000000, 0x00000000a5300000, 0x00000000e0000000)
  object space 84992K, 36% used [0x00000000a0000000,0x00000000a1e3bcf0,0x00000000a5300000)
 Metaspace       used 65371K, capacity 67324K, committed 67672K, reserved 1107968K
  class space    used 9031K, capacity 9519K, committed 9600K, reserved 1048576K
}
Event: 36.662 GC heap before
{Heap before GC invocations=18 (full 3):
 PSYoungGen      total 200192K, used 197664K [0x00000000e0000000, 0x00000000ed880000, 0x0000000100000000)
  eden space 184832K, 100% used [0x00000000e0000000,0x00000000eb480000,0x00000000eb480000)
  from space 15360K, 83% used [0x00000000ec500000,0x00000000ed188100,0x00000000ed400000)
  to   space 16896K, 0% used [0x00000000eb480000,0x00000000eb480000,0x00000000ec500000)
 ParOldGen       total 84992K, used 30959K [0x00000000a0000000, 0x00000000a5300000, 0x00000000e0000000)
  object space 84992K, 36% used [0x00000000a0000000,0x00000000a1e3bcf0,0x00000000a5300000)
 Metaspace       used 70585K, capacity 72854K, committed 72920K, reserved 1112064K
  class space    used 9722K, capacity 10233K, committed 10240K, reserved 1048576K
Event: 36.724 GC heap after
Heap after GC invocations=18 (full 3):
 PSYoungGen      total 201728K, used 16865K [0x00000000e0000000, 0x00000000f1100000, 0x0000000100000000)
  eden space 184832K, 0% used [0x00000000e0000000,0x00000000e0000000,0x00000000eb480000)
  from space 16896K, 99% used [0x00000000eb480000,0x00000000ec4f8490,0x00000000ec500000)
  to   space 23040K, 0% used [0x00000000efa80000,0x00000000efa80000,0x00000000f1100000)
 ParOldGen       total 84992K, used 41584K [0x00000000a0000000, 0x00000000a5300000, 0x00000000e0000000)
  object space 84992K, 48% used [0x00000000a0000000,0x00000000a289c000,0x00000000a5300000)
 Metaspace       used 70585K, capacity 72854K, committed 72920K, reserved 1112064K
  class space    used 9722K, capacity 10233K, committed 10240K, reserved 1048576K
}
Event: 1262.219 GC heap before
{Heap before GC invocations=19 (full 3):
 PSYoungGen      total 201728K, used 201697K [0x00000000e0000000, 0x00000000f1100000, 0x0000000100000000)
  eden space 184832K, 100% used [0x00000000e0000000,0x00000000eb480000,0x00000000eb480000)
  from space 16896K, 99% used [0x00000000eb480000,0x00000000ec4f8490,0x00000000ec500000)
  to   space 23040K, 0% used [0x00000000efa80000,0x00000000efa80000,0x00000000f1100000)
 ParOldGen       total 84992K, used 41584K [0x00000000a0000000, 0x00000000a5300000, 0x00000000e0000000)
  object space 84992K, 48% used [0x00000000a0000000,0x00000000a289c000,0x00000000a5300000)
 Metaspace       used 77357K, capacity 80110K, committed 80344K, reserved 1118208K
  class space    used 10313K, capacity 10939K, committed 11008K, reserved 1048576K
Event: 1264.161 GC heap after
Heap after GC invocations=19 (full 3):
 PSYoungGen      total 249856K, used 23016K [0x00000000e0000000, 0x00000000f1380000, 0x0000000100000000)
  eden space 226816K, 0% used [0x00000000e0000000,0x00000000e0000000,0x00000000edd80000)
  from space 23040K, 99% used [0x00000000efa80000,0x00000000f10fa070,0x00000000f1100000)
  to   space 27648K, 0% used [0x00000000edd80000,0x00000000edd80000,0x00000000ef880000)
 ParOldGen       total 84992K, used 45182K [0x00000000a0000000, 0x00000000a5300000, 0x00000000e0000000)
  object space 84992K, 53% used [0x00000000a0000000,0x00000000a2c1fa00,0x00000000a5300000)
 Metaspace       used 77357K, capacity 80110K, committed 80344K, reserved 1118208K
  class space    used 10313K, capacity 10939K, committed 11008K, reserved 1048576K
}

Deoptimization events (10 events):
Event: 92.197 Thread 0x0000000019495800 Uncommon trap: reason=bimorphic action=maybe_recompile pc=0x000000000468aaec method=java.util.HashMap.removeNode(ILjava/lang/Object;Ljava/lang/Object;ZZ)Ljava/util/HashMap$Node; @ 283
Event: 92.202 Thread 0x0000000019495800 Uncommon trap: reason=bimorphic action=maybe_recompile pc=0x000000000468aaec method=java.util.HashMap.removeNode(ILjava/lang/Object;Ljava/lang/Object;ZZ)Ljava/util/HashMap$Node; @ 283
Event: 122.201 Thread 0x0000000019495800 Uncommon trap: reason=bimorphic action=maybe_recompile pc=0x0000000004260c54 method=java.util.HashMap.removeNode(ILjava/lang/Object;Ljava/lang/Object;ZZ)Ljava/util/HashMap$Node; @ 283
Event: 1264.169 Thread 0x0000000002980000 Uncommon trap: reason=unstable_if action=reinterpret pc=0x0000000003684afc method=java.lang.ref.Reference.tryHandlePending(Z)Z @ 20
Event: 1264.459 Thread 0x00000000162ea800 Uncommon trap: reason=unstable_if action=reinterpret pc=0x000000000438ae8c method=com.sun.crypto.provider.GaloisCounterMode.decryptFinal([BII[BI)I @ 5
Event: 1423.580 Thread 0x00000000191ba000 Uncommon trap: reason=unstable_if action=reinterpret pc=0x00000000042639fc method=java.util.concurrent.locks.AbstractQueuedSynchronizer$ConditionObject.awaitNanos(J)J @ 73
Event: 1622.345 Thread 0x0000000019495800 Uncommon trap: reason=unstable_if action=reinterpret pc=0x0000000003a66c58 method=java.text.DecimalFormat.format(JLjava/lang/StringBuffer;Ljava/text/Format$FieldDelegate;)Ljava/lang/StringBuffer; @ 136
Event: 3091.981 Thread 0x000000001c9d6800 Uncommon trap: reason=class_check action=maybe_recompile pc=0x00000000043d43e0 method=java.util.concurrent.LinkedBlockingQueue.poll(JLjava/util/concurrent/TimeUnit;)Ljava/lang/Object; @ 8
Event: 3093.103 Thread 0x000000001c9d6800 Uncommon trap: reason=unstable_if action=reinterpret pc=0x000000000474d028 method=org.gradle.internal.logging.sink.OutputEventRenderer$3.onOutput(Lorg/gradle/internal/logging/events/OutputEvent;)V @ 37
Event: 3094.049 Thread 0x000000001c9df000 Uncommon trap: reason=unstable_if action=reinterpret pc=0x000000000383290c method=org.gradle.tooling.internal.provider.runner.SubtreeFilteringBuildOperationListener.started(Lorg/gradle/internal/operations/BuildOperationDescriptor;Lorg/gradle/internal/oper

Classes redefined (0 events):
No events

Internal exceptions (10 events):
Event: 57.503 Thread 0x00000000190c7000 Exception <a 'sun/nio/fs/WindowsException'> (0x00000000e8a50940) thrown at [C:\re\workspace\8-2-build-windows-amd64-cygwin\jdk8u162\10278\hotspot\src\share\vm\prims\jni.cpp, line 709]
Event: 57.837 Thread 0x000000001c9df800 Exception <a 'java/lang/NoSuchMethodError': <clinit>> (0x00000000e7ad1900) thrown at [C:\re\workspace\8-2-build-windows-amd64-cygwin\jdk8u162\10278\hotspot\src\share\vm\prims\jni.cpp, line 1613]
Event: 57.838 Thread 0x000000001c9df800 Exception <a 'java/lang/NoSuchMethodError': <clinit>> (0x00000000e7add540) thrown at [C:\re\workspace\8-2-build-windows-amd64-cygwin\jdk8u162\10278\hotspot\src\share\vm\prims\jni.cpp, line 1613]
Event: 57.838 Thread 0x000000001c9df800 Exception <a 'java/lang/NoSuchMethodError': <clinit>> (0x00000000e7ae98c8) thrown at [C:\re\workspace\8-2-build-windows-amd64-cygwin\jdk8u162\10278\hotspot\src\share\vm\prims\jni.cpp, line 1613]
Event: 57.865 Thread 0x000000001c9df800 Exception <a 'java/lang/NoSuchMethodError': <clinit>> (0x00000000e96309b0) thrown at [C:\re\workspace\8-2-build-windows-amd64-cygwin\jdk8u162\10278\hotspot\src\share\vm\prims\jni.cpp, line 1613]
Event: 57.865 Thread 0x000000001c9df800 Exception <a 'java/lang/NoSuchMethodError': <clinit>> (0x00000000e96419c8) thrown at [C:\re\workspace\8-2-build-windows-amd64-cygwin\jdk8u162\10278\hotspot\src\share\vm\prims\jni.cpp, line 1613]
Event: 57.866 Thread 0x000000001c9df800 Exception <a 'java/lang/NoSuchMethodError': <clinit>> (0x00000000e96434e0) thrown at [C:\re\workspace\8-2-build-windows-amd64-cygwin\jdk8u162\10278\hotspot\src\share\vm\prims\jni.cpp, line 1613]
Event: 58.818 Thread 0x000000001c9df800 Exception <a 'java/lang/NoSuchMethodError': <clinit>> (0x00000000ea6f5010) thrown at [C:\re\workspace\8-2-build-windows-amd64-cygwin\jdk8u162\10278\hotspot\src\share\vm\prims\jni.cpp, line 1613]
Event: 58.830 Thread 0x000000001c9df800 Exception <a 'java/lang/NoSuchMethodError': <clinit>> (0x00000000ea6fef70) thrown at [C:\re\workspace\8-2-build-windows-amd64-cygwin\jdk8u162\10278\hotspot\src\share\vm\prims\jni.cpp, line 1613]
Event: 3094.048 Thread 0x000000001c9df000 Implicit null exception at 0x000000000383137f to 0x00000000038328f5

Events (10 events):
Event: 3093.104 Thread 0x000000001c9d6800 DEOPT PACKING pc=0x000000000474d028 sp=0x0000000024a0e860
Event: 3093.104 Thread 0x000000001c9d6800 DEOPT UNPACKING pc=0x00000000029d557b sp=0x0000000024a0e6d8 mode 2
Event: 3093.243 Thread 0x000000001c9df000 Thread added: 0x000000001c9df000
Event: 3093.373 Thread 0x000000001c9dd800 Thread added: 0x000000001c9dd800
Event: 3093.393 Thread 0x000000001c9dc000 Thread added: 0x000000001c9dc000
Event: 3093.403 Thread 0x000000001c9d9800 Thread added: 0x000000001c9d9800
Event: 3093.942 Thread 0x000000001c9de000 Thread added: 0x000000001c9de000
Event: 3094.048 Thread 0x000000001c9df000 Uncommon trap: trap_request=0xffffff65 fr.pc=0x000000000383290c
Event: 3094.051 Thread 0x000000001c9df000 DEOPT PACKING pc=0x000000000383290c sp=0x0000000024d0d330
Event: 3094.051 Thread 0x000000001c9df000 DEOPT UNPACKING pc=0x00000000029d557b sp=0x0000000024d0d300 mode 2


Dynamic libraries:
0x00007ff611e00000 - 0x00007ff611e37000 	C:\Program Files\Java\jdk1.8.0_162\bin\java.exe
0x00007ffd96950000 - 0x00007ffd96b3d000 	C:\WINDOWS\SYSTEM32\ntdll.dll
0x00007ffd96790000 - 0x00007ffd96843000 	C:\WINDOWS\System32\KERNEL32.DLL
0x00007ffd93820000 - 0x00007ffd93ab3000 	C:\WINDOWS\System32\KERNELBASE.dll
0x00007ffd94ca0000 - 0x00007ffd94d43000 	C:\WINDOWS\System32\ADVAPI32.dll
0x00007ffd96420000 - 0x00007ffd964be000 	C:\WINDOWS\System32\msvcrt.dll
0x00007ffd93dc0000 - 0x00007ffd93e5e000 	C:\WINDOWS\System32\sechost.dll
0x00007ffd945e0000 - 0x00007ffd94702000 	C:\WINDOWS\System32\RPCRT4.dll
0x00007ffd94af0000 - 0x00007ffd94c87000 	C:\WINDOWS\System32\USER32.dll
0x00007ffd93af0000 - 0x00007ffd93b10000 	C:\WINDOWS\System32\win32u.dll
0x00007ffd94710000 - 0x00007ffd94739000 	C:\WINDOWS\System32\GDI32.dll
0x00007ffd93550000 - 0x00007ffd936e9000 	C:\WINDOWS\System32\gdi32full.dll
0x00007ffd92d40000 - 0x00007ffd92de0000 	C:\WINDOWS\System32\msvcp_win.dll
0x00007ffd92a60000 - 0x00007ffd92b5a000 	C:\WINDOWS\System32\ucrtbase.dll
0x00007ffd89cf0000 - 0x00007ffd89f69000 	C:\WINDOWS\WinSxS\amd64_microsoft.windows.common-controls_6595b64144ccf1df_6.0.17763.802_none_05b1445c0722d2cc\COMCTL32.dll
0x00007ffd947c0000 - 0x00007ffd94aec000 	C:\WINDOWS\System32\combase.dll
0x00007ffd936f0000 - 0x00007ffd9376e000 	C:\WINDOWS\System32\bcryptPrimitives.dll
0x00007ffd94d50000 - 0x00007ffd94d7e000 	C:\WINDOWS\System32\IMM32.DLL
0x000000006aa80000 - 0x000000006ab51000 	C:\Program Files\Java\jdk1.8.0_162\jre\bin\msvcr100.dll
0x000000006a1e0000 - 0x000000006aa80000 	C:\Program Files\Java\jdk1.8.0_162\jre\bin\server\jvm.dll
0x00007ffd94c90000 - 0x00007ffd94c98000 	C:\WINDOWS\System32\PSAPI.DLL
0x00007ffd8cb00000 - 0x00007ffd8cb0a000 	C:\WINDOWS\SYSTEM32\VERSION.dll
0x00007ffd7f550000 - 0x00007ffd7f559000 	C:\WINDOWS\SYSTEM32\WSOCK32.dll
0x00007ffd90640000 - 0x00007ffd90664000 	C:\WINDOWS\SYSTEM32\WINMM.dll
0x00007ffd968b0000 - 0x00007ffd9691d000 	C:\WINDOWS\System32\WS2_32.dll
0x00007ffd90610000 - 0x00007ffd9063d000 	C:\WINDOWS\SYSTEM32\WINMMBASE.dll
0x00007ffd92a10000 - 0x00007ffd92a5a000 	C:\WINDOWS\System32\cfgmgr32.dll
0x000000006a1d0000 - 0x000000006a1df000 	C:\Program Files\Java\jdk1.8.0_162\jre\bin\verify.dll
0x000000006a1a0000 - 0x000000006a1c9000 	C:\Program Files\Java\jdk1.8.0_162\jre\bin\java.dll
0x000000006a180000 - 0x000000006a196000 	C:\Program Files\Java\jdk1.8.0_162\jre\bin\zip.dll
0x00007ffd94f20000 - 0x00007ffd96414000 	C:\WINDOWS\System32\SHELL32.dll
0x00007ffd93c00000 - 0x00007ffd93ca8000 	C:\WINDOWS\System32\shcore.dll
0x00007ffd92de0000 - 0x00007ffd9352d000 	C:\WINDOWS\System32\windows.storage.dll
0x00007ffd929c0000 - 0x00007ffd929e4000 	C:\WINDOWS\System32\profapi.dll
0x00007ffd92940000 - 0x00007ffd9299d000 	C:\WINDOWS\System32\powrprof.dll
0x00007ffd93cb0000 - 0x00007ffd93d02000 	C:\WINDOWS\System32\shlwapi.dll
0x00007ffd929a0000 - 0x00007ffd929b1000 	C:\WINDOWS\System32\kernel.appcore.dll
0x00007ffd93530000 - 0x00007ffd93547000 	C:\WINDOWS\System32\cryptsp.dll
0x000000006a160000 - 0x000000006a17a000 	C:\Program Files\Java\jdk1.8.0_162\jre\bin\net.dll
0x00007ffd92150000 - 0x00007ffd921b7000 	C:\WINDOWS\system32\mswsock.dll
0x000000006a140000 - 0x000000006a151000 	C:\Program Files\Java\jdk1.8.0_162\jre\bin\nio.dll
0x00007ffd89c90000 - 0x00007ffd89cae000 	C:\Users\dudar\.gradle\native\25\windows-amd64\native-platform.dll
0x000000006a130000 - 0x000000006a13d000 	C:\Program Files\Java\jdk1.8.0_162\jre\bin\management.dll
0x00007ffd91cd0000 - 0x00007ffd91d03000 	C:\WINDOWS\system32\rsaenh.dll
0x00007ffd93ac0000 - 0x00007ffd93ae6000 	C:\WINDOWS\System32\bcrypt.dll
0x00007ffd92870000 - 0x00007ffd92898000 	C:\WINDOWS\SYSTEM32\USERENV.dll
0x00007ffd92320000 - 0x00007ffd9232c000 	C:\WINDOWS\SYSTEM32\CRYPTBASE.dll
0x00007ffd91e70000 - 0x00007ffd91ead000 	C:\WINDOWS\SYSTEM32\IPHLPAPI.DLL
0x00007ffd94f10000 - 0x00007ffd94f18000 	C:\WINDOWS\System32\NSI.dll
0x00007ffd8bed0000 - 0x00007ffd8bee6000 	C:\WINDOWS\SYSTEM32\dhcpcsvc6.DLL
0x00007ffd8bce0000 - 0x00007ffd8bcfc000 	C:\WINDOWS\SYSTEM32\dhcpcsvc.DLL
0x00007ffd91eb0000 - 0x00007ffd91f76000 	C:\WINDOWS\SYSTEM32\DNSAPI.dll
0x000000006a100000 - 0x000000006a124000 	C:\Program Files\Java\jdk1.8.0_162\jre\bin\sunec.dll
0x00007ffd87d70000 - 0x00007ffd87d7a000 	C:\Windows\System32\rasadhlp.dll
0x00007ffd8b7b0000 - 0x00007ffd8b829000 	C:\WINDOWS\System32\fwpuclnt.dll
0x000000006a0f0000 - 0x000000006a0fb000 	C:\Program Files\Java\jdk1.8.0_162\jre\bin\sunmscapi.dll
0x00007ffd92b60000 - 0x00007ffd92d3b000 	C:\WINDOWS\System32\CRYPT32.dll
0x00007ffd929f0000 - 0x00007ffd92a02000 	C:\WINDOWS\System32\MSASN1.dll

VM Arguments:
jvm_args: -Xmx1536m -Dfile.encoding=windows-1251 -Duser.country=RU -Duser.language=ru -Duser.variant 
java_command: org.gradle.launcher.daemon.bootstrap.GradleDaemon 5.1.1
java_class_path (initial): C:\Users\dudar\.gradle\wrapper\dists\gradle-5.1.1-all\97z1ksx6lirer3kbvdnh7jtjg\gradle-5.1.1\lib\gradle-launcher-5.1.1.jar
Launcher Type: SUN_STANDARD

Environment Variables:
PATH=C:\ProgramData\Oracle\Java\javapath;C:\Windows\system32;C:\Windows;C:\Windows\System32\Wbem;C:\Windows\System32\WindowsPowerShell\v1.0\;C:\Program Files (x86)\GtkSharp\2.12\bin;C:\Users\dudar\.dnx\bin;C:\Program Files\Microsoft DNX\Dnvm\;C:\Program Files\Microsoft SQL Server\130\Tools\Binn\;C:\Program Files\Common Files\Autodesk Shared\;C:\Program Files (x86)\Autodesk\Backburner\;C:\Users\dudar\AppData\Local\Microsoft\WindowsApps;C:\Users\dudar\AppData\Local\atom\bin;C:\adb;C:\WINDOWS\system32;C:\WINDOWS;C:\WINDOWS\System32\Wbem;C:\WINDOWS\System32\WindowsPowerShell\v1.0\;C:\WINDOWS\System32\OpenSSH\;C:\WINDOWS\system32;C:\WINDOWS;C:\WINDOWS\System32\Wbem;C:\WINDOWS\System32\WindowsPowerShell\v1.0\;C:\WINDOWS\System32\OpenSSH\;C:\Program Files\Git\cmd;C:\Users\dudar\scoop\shims;C:\Users\dudar\AppData\Local\Microsoft\WindowsApps;C:\Users\dudar\AppData\Local\atom\bin;C:\Users\dudar\AppData\Local\Microsoft\WindowsApps;C:\Users\dudar\AppData\Local\GitHubDesktop\bin;C:\Users\dudar\AppData\Local\Programs\Microsoft VS Code\bin
USERNAME=dudar
OS=Windows_NT
PROCESSOR_IDENTIFIER=Intel64 Family 6 Model 23 Stepping 6, GenuineIntel



---------------  S Y S T E M  ---------------

OS: Windows 10.0 , 64 bit Build 17763 (10.0.17763.475)

CPU:total 4 (initial active 4) (4 cores per cpu, 1 threads per core) family 6 model 23 stepping 6, cmov, cx8, fxsr, mmx, sse, sse2, sse3, ssse3, sse4.1, tsc

Memory: 4k page, physical 3929172k(218004k free), swap 8123476k(96k free)

vm_info: Java HotSpot(TM) 64-Bit Server VM (25.162-b12) for windows-amd64 JRE (1.8.0_162-b12), built on Dec 19 2017 20:00:03 by "java_re" with MS VC++ 10.0 (VS2010)

time: Tue Oct 22 22:58:37 2019
elapsed time: 3094 seconds (0d 0h 51m 34s)

